** Daemonized, any open files are closed.  Look at /Users/rahoulb/Source/threehv/log/locomotive.pid and log/mongrel.log for info.
** Starting Mongrel listening at 0.0.0.0:3005
** Starting Rails with development environment...
** Rails loaded.
** Loading any Rails specific GemPlugins
** Signals ready.  TERM => stop.  USR2 => restart.  INT => stop (no restart).
** Rails signals registered.  HUP => reload (without restart).  It might not work well.
** Mongrel available at 0.0.0.0:3005
** Writing PID file to /Users/rahoulb/Source/threehv/log/locomotive.pid
** TERM signal received.
Loaded suite /Applications/Locomotive2/Bundles/rmagickRailsMar2007_ppc.locobundle/framework/bin/mongrel_rails
Started

Finished in 0.001516 seconds.

0 tests, 0 assertions, 0 failures, 0 errors
** Daemonized, any open files are closed.  Look at /Users/rahoulb/Source/threehv/log/locomotive.pid and log/mongrel.log for info.
** Starting Mongrel listening at 0.0.0.0:3001
** Starting Rails with development environment...
** Rails loaded.
** Loading any Rails specific GemPlugins
** Signals ready.  TERM => stop.  USR2 => restart.  INT => stop (no restart).
** Rails signals registered.  HUP => reload (without restart).  It might not work well.
** Mongrel available at 0.0.0.0:3001
** Writing PID file to /Users/rahoulb/Source/threehv/log/locomotive.pid
** TERM signal received.
Loaded suite /Applications/Locomotive2/Bundles/rmagickRailsMar2007_ppc.locobundle/framework/bin/mongrel_rails
Started

Finished in 0.001589 seconds.

0 tests, 0 assertions, 0 failures, 0 errors
** Daemonized, any open files are closed.  Look at /Users/rahoulb/Source/threehv/log/locomotive.pid and log/mongrel.log for info.
** Starting Mongrel listening at 0.0.0.0:3001
** Starting Rails with development environment...
** Rails loaded.
** Loading any Rails specific GemPlugins
** Signals ready.  TERM => stop.  USR2 => restart.  INT => stop (no restart).
** Rails signals registered.  HUP => reload (without restart).  It might not work well.
** Mongrel available at 0.0.0.0:3001
** Writing PID file to /Users/rahoulb/Source/threehv/log/locomotive.pid
** TERM signal received.
Loaded suite /Applications/Locomotive2/Bundles/rmagickRailsMar2007_ppc.locobundle/framework/bin/mongrel_rails
Started

Finished in 0.00199 seconds.

0 tests, 0 assertions, 0 failures, 0 errors
** Daemonized, any open files are closed.  Look at /Users/rahoulb/Source/threehv/log/locomotive.pid and log/mongrel.log for info.
** Starting Mongrel listening at 0.0.0.0:3001
** Starting Rails with development environment...
** Rails loaded.
** Loading any Rails specific GemPlugins
** Signals ready.  TERM => stop.  USR2 => restart.  INT => stop (no restart).
** Rails signals registered.  HUP => reload (without restart).  It might not work well.
** Mongrel available at 0.0.0.0:3001
** Writing PID file to /Users/rahoulb/Source/threehv/log/locomotive.pid
** TERM signal received.
Loaded suite /Applications/Locomotive2/Bundles/rmagickRailsMar2007_ppc.locobundle/framework/bin/mongrel_rails
Started

Finished in 0.001515 seconds.

0 tests, 0 assertions, 0 failures, 0 errors
